Analysis & Synthesis report for rra
Tue Feb 09 18:50:19 2016
Quartus II 64-Bit Version 13.1.0 Build 162 10/23/2013 SJ Web Edition


---------------------
; Table of Contents ;
---------------------
  1. Legal Notice
  2. Analysis & Synthesis Summary
  3. Analysis & Synthesis Settings
  4. Analysis & Synthesis Source Files Read
  5. Analysis & Synthesis Resource Usage Summary
  6. Analysis & Synthesis Resource Utilization by Entity
  7. State Machine - |rra|controller:rra_controller|n_state
  8. State Machine - |rra|controller:rra_controller|c_state
  9. User-Specified and Inferred Latches
 10. Registers Removed During Synthesis
 11. Removed Registers Triggering Further Register Optimizations
 12. General Register Statistics
 13. Multiplexer Restructuring Statistics (Restructuring Performed)
 14. Parameter Settings for User Entity Instance: rra_servo_controller:rra_servo_lower
 15. Parameter Settings for User Entity Instance: rra_servo_controller:rra_servo_middle
 16. Parameter Settings for User Entity Instance: rra_servo_controller:rra_servo_upper
 17. Parameter Settings for User Entity Instance: rra_servo_controller:rra_servo_wrist
 18. Parameter Settings for User Entity Instance: rra_servo_controller:rra_servo_gripper
 19. Parameter Settings for User Entity Instance: rra_servo_controller:rra_servo_base
 20. Port Connectivity Checks: "rra_servo_controller:rra_servo_base"
 21. Port Connectivity Checks: "rra_servo_controller:rra_servo_gripper"
 22. Port Connectivity Checks: "rra_servo_controller:rra_servo_wrist"
 23. Port Connectivity Checks: "rra_servo_controller:rra_servo_upper"
 24. Port Connectivity Checks: "rra_servo_controller:rra_servo_middle"
 25. Port Connectivity Checks: "rra_servo_controller:rra_servo_lower"
 26. Port Connectivity Checks: "controller:rra_controller"
 27. Port Connectivity Checks: "rra_memory:memory"
 28. Elapsed Time Per Partition
 29. Analysis & Synthesis Messages



----------------
; Legal Notice ;
----------------
Copyright (C) 1991-2013 Altera Corporation
Your use of Altera Corporation's design tools, logic functions 
and other software and tools, and its AMPP partner logic 
functions, and any output files from any of the foregoing 
(including device programming or simulation files), and any 
associated documentation or information are expressly subject 
to the terms and conditions of the Altera Program License 
Subscription Agreement, Altera MegaCore Function License 
Agreement, or other applicable license agreement, including, 
without limitation, that your use is for the sole purpose of 
programming logic devices manufactured by Altera and sold by 
Altera or its authorized distributors.  Please refer to the 
applicable agreement for further details.



+---------------------------------------------------------------------------------+
; Analysis & Synthesis Summary                                                    ;
+------------------------------------+--------------------------------------------+
; Analysis & Synthesis Status        ; Successful - Tue Feb 09 18:50:19 2016      ;
; Quartus II 64-Bit Version          ; 13.1.0 Build 162 10/23/2013 SJ Web Edition ;
; Revision Name                      ; rra                                        ;
; Top-level Entity Name              ; rra                                        ;
; Family                             ; Cyclone III                                ;
; Total logic elements               ; 522                                        ;
;     Total combinational functions  ; 516                                        ;
;     Dedicated logic registers      ; 93                                         ;
; Total registers                    ; 93                                         ;
; Total pins                         ; 33                                         ;
; Total virtual pins                 ; 0                                          ;
; Total memory bits                  ; 0                                          ;
; Embedded Multiplier 9-bit elements ; 0                                          ;
; Total PLLs                         ; 0                                          ;
+------------------------------------+--------------------------------------------+


+----------------------------------------------------------------------------------------------------------------------+
; Analysis & Synthesis Settings                                                                                        ;
+----------------------------------------------------------------------------+--------------------+--------------------+
; Option                                                                     ; Setting            ; Default Value      ;
+----------------------------------------------------------------------------+--------------------+--------------------+
; Device                                                                     ; EP3C16F484C6       ;                    ;
; Top-level entity name                                                      ; rra                ; rra                ;
; Family name                                                                ; Cyclone III        ; Cyclone IV GX      ;
; Use smart compilation                                                      ; Off                ; Off                ;
; Enable parallel Assembler and TimeQuest Timing Analyzer during compilation ; On                 ; On                 ;
; Enable compact report table                                                ; Off                ; Off                ;
; Restructure Multiplexers                                                   ; Auto               ; Auto               ;
; Create Debugging Nodes for IP Cores                                        ; Off                ; Off                ;
; Preserve fewer node names                                                  ; On                 ; On                 ;
; Disable OpenCore Plus hardware evaluation                                  ; Off                ; Off                ;
; Verilog Version                                                            ; Verilog_2001       ; Verilog_2001       ;
; VHDL Version                                                               ; VHDL_1993          ; VHDL_1993          ;
; State Machine Processing                                                   ; Auto               ; Auto               ;
; Safe State Machine                                                         ; Off                ; Off                ;
; Extract Verilog State Machines                                             ; On                 ; On                 ;
; Extract VHDL State Machines                                                ; On                 ; On                 ;
; Ignore Verilog initial constructs                                          ; Off                ; Off                ;
; Iteration limit for constant Verilog loops                                 ; 5000               ; 5000               ;
; Iteration limit for non-constant Verilog loops                             ; 250                ; 250                ;
; Add Pass-Through Logic to Inferred RAMs                                    ; On                 ; On                 ;
; Infer RAMs from Raw Logic                                                  ; On                 ; On                 ;
; Parallel Synthesis                                                         ; On                 ; On                 ;
; DSP Block Balancing                                                        ; Auto               ; Auto               ;
; NOT Gate Push-Back                                                         ; On                 ; On                 ;
; Power-Up Don't Care                                                        ; On                 ; On                 ;
; Remove Redundant Logic Cells                                               ; Off                ; Off                ;
; Remove Duplicate Registers                                                 ; On                 ; On                 ;
; Ignore CARRY Buffers                                                       ; Off                ; Off                ;
; Ignore CASCADE Buffers                                                     ; Off                ; Off                ;
; Ignore GLOBAL Buffers                                                      ; Off                ; Off                ;
; Ignore ROW GLOBAL Buffers                                                  ; Off                ; Off                ;
; Ignore LCELL Buffers                                                       ; Off                ; Off                ;
; Ignore SOFT Buffers                                                        ; On                 ; On                 ;
; Limit AHDL Integers to 32 Bits                                             ; Off                ; Off                ;
; Optimization Technique                                                     ; Balanced           ; Balanced           ;
; Carry Chain Length                                                         ; 70                 ; 70                 ;
; Auto Carry Chains                                                          ; On                 ; On                 ;
; Auto Open-Drain Pins                                                       ; On                 ; On                 ;
; Perform WYSIWYG Primitive Resynthesis                                      ; Off                ; Off                ;
; Auto ROM Replacement                                                       ; On                 ; On                 ;
; Auto RAM Replacement                                                       ; On                 ; On                 ;
; Auto DSP Block Replacement                                                 ; On                 ; On                 ;
; Auto Shift Register Replacement                                            ; Auto               ; Auto               ;
; Allow Shift Register Merging across Hierarchies                            ; Auto               ; Auto               ;
; Auto Clock Enable Replacement                                              ; On                 ; On                 ;
; Strict RAM Replacement                                                     ; Off                ; Off                ;
; Allow Synchronous Control Signals                                          ; On                 ; On                 ;
; Force Use of Synchronous Clear Signals                                     ; Off                ; Off                ;
; Auto RAM Block Balancing                                                   ; On                 ; On                 ;
; Auto RAM to Logic Cell Conversion                                          ; Off                ; Off                ;
; Auto Resource Sharing                                                      ; Off                ; Off                ;
; Allow Any RAM Size For Recognition                                         ; Off                ; Off                ;
; Allow Any ROM Size For Recognition                                         ; Off                ; Off                ;
; Allow Any Shift Register Size For Recognition                              ; Off                ; Off                ;
; Use LogicLock Constraints during Resource Balancing                        ; On                 ; On                 ;
; Ignore translate_off and synthesis_off directives                          ; Off                ; Off                ;
; Timing-Driven Synthesis                                                    ; On                 ; On                 ;
; Report Parameter Settings                                                  ; On                 ; On                 ;
; Report Source Assignments                                                  ; On                 ; On                 ;
; Report Connectivity Checks                                                 ; On                 ; On                 ;
; Ignore Maximum Fan-Out Assignments                                         ; Off                ; Off                ;
; Synchronization Register Chain Length                                      ; 2                  ; 2                  ;
; PowerPlay Power Optimization                                               ; Normal compilation ; Normal compilation ;
; HDL message level                                                          ; Level2             ; Level2             ;
; Suppress Register Optimization Related Messages                            ; Off                ; Off                ;
; Number of Removed Registers Reported in Synthesis Report                   ; 5000               ; 5000               ;
; Number of Swept Nodes Reported in Synthesis Report                         ; 5000               ; 5000               ;
; Number of Inverted Registers Reported in Synthesis Report                  ; 100                ; 100                ;
; Clock MUX Protection                                                       ; On                 ; On                 ;
; Auto Gated Clock Conversion                                                ; Off                ; Off                ;
; Block Design Naming                                                        ; Auto               ; Auto               ;
; SDC constraint protection                                                  ; Off                ; Off                ;
; Synthesis Effort                                                           ; Auto               ; Auto               ;
; Shift Register Replacement - Allow Asynchronous Clear Signal               ; On                 ; On                 ;
; Pre-Mapping Resynthesis Optimization                                       ; Off                ; Off                ;
; Analysis & Synthesis Message Level                                         ; Medium             ; Medium             ;
; Disable Register Merging Across Hierarchies                                ; Auto               ; Auto               ;
; Resource Aware Inference For Block RAM                                     ; On                 ; On                 ;
; Synthesis Seed                                                             ; 1                  ; 1                  ;
+----------------------------------------------------------------------------+--------------------+--------------------+


+---------------------------------------------------------------------------------------------------------------------------------------------------+
; Analysis & Synthesis Source Files Read                                                                                                            ;
+--------------------------------------+-----------------+-----------------+--------------------------------------------------------------+---------+
; File Name with User-Entered Path     ; Used in Netlist ; File Type       ; File Name with Absolute Path                                 ; Library ;
+--------------------------------------+-----------------+-----------------+--------------------------------------------------------------+---------+
; ../Hardware/rra_servo_controller.vhd ; yes             ; User VHDL File  ; C:/Users/aaron/Desktop/RRA/Hardware/rra_servo_controller.vhd ;         ;
; ../Hardware/rra_memory.vhd           ; yes             ; User VHDL File  ; C:/Users/aaron/Desktop/RRA/Hardware/rra_memory.vhd           ;         ;
; ../Hardware/rra_controller.vhd       ; yes             ; User VHDL File  ; C:/Users/aaron/Desktop/RRA/Hardware/rra_controller.vhd       ;         ;
; ../Hardware/rra.vhd                  ; yes             ; User VHDL File  ; C:/Users/aaron/Desktop/RRA/Hardware/rra.vhd                  ;         ;
+--------------------------------------+-----------------+-----------------+--------------------------------------------------------------+---------+


+---------------------------------------------------------+
; Analysis & Synthesis Resource Usage Summary             ;
+---------------------------------------------+-----------+
; Resource                                    ; Usage     ;
+---------------------------------------------+-----------+
; Estimated Total logic elements              ; 522       ;
;                                             ;           ;
; Total combinational functions               ; 516       ;
; Logic element usage by number of LUT inputs ;           ;
;     -- 4 input functions                    ; 129       ;
;     -- 3 input functions                    ; 135       ;
;     -- <=2 input functions                  ; 252       ;
;                                             ;           ;
; Logic elements by mode                      ;           ;
;     -- normal mode                          ; 210       ;
;     -- arithmetic mode                      ; 306       ;
;                                             ;           ;
; Total registers                             ; 93        ;
;     -- Dedicated logic registers            ; 93        ;
;     -- I/O registers                        ; 0         ;
;                                             ;           ;
; I/O pins                                    ; 33        ;
; Embedded Multiplier 9-bit elements          ; 0         ;
; Maximum fan-out node                        ; rst~input ;
; Maximum fan-out                             ; 117       ;
; Total fan-out                               ; 1690      ;
; Average fan-out                             ; 2.50      ;
+---------------------------------------------+-----------+


+----------------------------------------------------------------------------------------------------------------------------------------------------------------------------------------------------------------------+
; Analysis & Synthesis Resource Utilization by Entity                                                                                                                                                                  ;
+---------------------------------------------+-------------------+--------------+-------------+--------------+---------+-----------+------+--------------+---------------------------------------------+--------------+
; Compilation Hierarchy Node                  ; LC Combinationals ; LC Registers ; Memory Bits ; DSP Elements ; DSP 9x9 ; DSP 18x18 ; Pins ; Virtual Pins ; Full Hierarchy Name                         ; Library Name ;
+---------------------------------------------+-------------------+--------------+-------------+--------------+---------+-----------+------+--------------+---------------------------------------------+--------------+
; |rra                                        ; 516 (0)           ; 93 (0)       ; 0           ; 0            ; 0       ; 0         ; 33   ; 0            ; |rra                                        ; work         ;
;    |rra_servo_controller:rra_servo_base|    ; 89 (89)           ; 23 (23)      ; 0           ; 0            ; 0       ; 0         ; 0    ; 0            ; |rra|rra_servo_controller:rra_servo_base    ; work         ;
;    |rra_servo_controller:rra_servo_gripper| ; 80 (80)           ; 14 (14)      ; 0           ; 0            ; 0       ; 0         ; 0    ; 0            ; |rra|rra_servo_controller:rra_servo_gripper ; work         ;
;    |rra_servo_controller:rra_servo_lower|   ; 107 (107)         ; 14 (14)      ; 0           ; 0            ; 0       ; 0         ; 0    ; 0            ; |rra|rra_servo_controller:rra_servo_lower   ; work         ;
;    |rra_servo_controller:rra_servo_middle|  ; 80 (80)           ; 14 (14)      ; 0           ; 0            ; 0       ; 0         ; 0    ; 0            ; |rra|rra_servo_controller:rra_servo_middle  ; work         ;
;    |rra_servo_controller:rra_servo_upper|   ; 80 (80)           ; 14 (14)      ; 0           ; 0            ; 0       ; 0         ; 0    ; 0            ; |rra|rra_servo_controller:rra_servo_upper   ; work         ;
;    |rra_servo_controller:rra_servo_wrist|   ; 80 (80)           ; 14 (14)      ; 0           ; 0            ; 0       ; 0         ; 0    ; 0            ; |rra|rra_servo_controller:rra_servo_wrist   ; work         ;
+---------------------------------------------+-------------------+--------------+-------------+--------------+---------+-----------+------+--------------+---------------------------------------------+--------------+
Note: For table entries with two numbers listed, the numbers in parentheses indicate the number of resources of the given type used by the specific entity alone. The numbers listed outside of parentheses indicate the total resources of the given type used by the specific entity and all of its sub-entities in the hierarchy.


Encoding Type:  One-Hot
+---------------------------------------------------------------------------------------------------------------------------------------------------------------------------+
; State Machine - |rra|controller:rra_controller|n_state                                                                                                                    ;
+---------------------------+------------------+---------------------------+---------------------------+------------------------+-----------------------+-------------------+
; Name                      ; n_state.s_MOVING ; n_state.s_GET_MEMORY_NEXT ; n_state.s_SET_MEMORY_NEXT ; n_state.s_CHECK_KEYPAD ; n_state.s_LOAD_KEYPAD ; n_state.s_WAITING ;
+---------------------------+------------------+---------------------------+---------------------------+------------------------+-----------------------+-------------------+
; n_state.s_WAITING         ; 0                ; 0                         ; 0                         ; 0                      ; 0                     ; 0                 ;
; n_state.s_LOAD_KEYPAD     ; 0                ; 0                         ; 0                         ; 0                      ; 1                     ; 1                 ;
; n_state.s_CHECK_KEYPAD    ; 0                ; 0                         ; 0                         ; 1                      ; 0                     ; 1                 ;
; n_state.s_SET_MEMORY_NEXT ; 0                ; 0                         ; 1                         ; 0                      ; 0                     ; 1                 ;
; n_state.s_GET_MEMORY_NEXT ; 0                ; 1                         ; 0                         ; 0                      ; 0                     ; 1                 ;
; n_state.s_MOVING          ; 1                ; 0                         ; 0                         ; 0                      ; 0                     ; 1                 ;
+---------------------------+------------------+---------------------------+---------------------------+------------------------+-----------------------+-------------------+


Encoding Type:  One-Hot
+---------------------------------------------------------------------------------------------------------------------------------------------------------------------------+
; State Machine - |rra|controller:rra_controller|c_state                                                                                                                    ;
+---------------------------+------------------+---------------------------+---------------------------+------------------------+-----------------------+-------------------+
; Name                      ; c_state.s_MOVING ; c_state.s_GET_MEMORY_NEXT ; c_state.s_SET_MEMORY_NEXT ; c_state.s_CHECK_KEYPAD ; c_state.s_LOAD_KEYPAD ; c_state.s_WAITING ;
+---------------------------+------------------+---------------------------+---------------------------+------------------------+-----------------------+-------------------+
; c_state.s_WAITING         ; 0                ; 0                         ; 0                         ; 0                      ; 0                     ; 0                 ;
; c_state.s_LOAD_KEYPAD     ; 0                ; 0                         ; 0                         ; 0                      ; 1                     ; 1                 ;
; c_state.s_CHECK_KEYPAD    ; 0                ; 0                         ; 0                         ; 1                      ; 0                     ; 1                 ;
; c_state.s_SET_MEMORY_NEXT ; 0                ; 0                         ; 1                         ; 0                      ; 0                     ; 1                 ;
; c_state.s_GET_MEMORY_NEXT ; 0                ; 1                         ; 0                         ; 0                      ; 0                     ; 1                 ;
; c_state.s_MOVING          ; 1                ; 0                         ; 0                         ; 0                      ; 0                     ; 1                 ;
+---------------------------+------------------+---------------------------+---------------------------+------------------------+-----------------------+-------------------+


+---------------------------------------------------------------------------------------------------------------------------------------+
; User-Specified and Inferred Latches                                                                                                   ;
+----------------------------------------------------------+---------------------------------------------------+------------------------+
; Latch Name                                               ; Latch Enable Signal                               ; Free of Timing Hazards ;
+----------------------------------------------------------+---------------------------------------------------+------------------------+
; rra_servo_controller:rra_servo_lower|current[8]          ; rra_servo_controller:rra_servo_lower|current[1]   ; yes                    ;
; rra_servo_controller:rra_servo_lower|current[7]          ; rra_servo_controller:rra_servo_lower|current[1]   ; yes                    ;
; rra_servo_controller:rra_servo_lower|current[6]          ; rra_servo_controller:rra_servo_lower|current[1]   ; yes                    ;
; rra_servo_controller:rra_servo_lower|current[5]          ; rra_servo_controller:rra_servo_lower|current[1]   ; yes                    ;
; rra_servo_controller:rra_servo_lower|current[4]          ; rra_servo_controller:rra_servo_lower|current[1]   ; yes                    ;
; rra_servo_controller:rra_servo_lower|current[3]          ; rra_servo_controller:rra_servo_lower|current[1]   ; yes                    ;
; rra_servo_controller:rra_servo_lower|current[2]          ; rra_servo_controller:rra_servo_lower|current[1]   ; yes                    ;
; rra_servo_controller:rra_servo_lower|current[1]          ; rra_servo_controller:rra_servo_lower|current[1]   ; yes                    ;
; rra_servo_controller:rra_servo_middle|current[8]         ; rra_servo_controller:rra_servo_middle|current[1]  ; yes                    ;
; rra_servo_controller:rra_servo_middle|current[7]         ; rra_servo_controller:rra_servo_middle|current[1]  ; yes                    ;
; rra_servo_controller:rra_servo_middle|current[6]         ; rra_servo_controller:rra_servo_middle|current[1]  ; yes                    ;
; rra_servo_controller:rra_servo_middle|current[5]         ; rra_servo_controller:rra_servo_middle|current[1]  ; yes                    ;
; rra_servo_controller:rra_servo_middle|current[4]         ; rra_servo_controller:rra_servo_middle|current[1]  ; yes                    ;
; rra_servo_controller:rra_servo_middle|current[3]         ; rra_servo_controller:rra_servo_middle|current[1]  ; yes                    ;
; rra_servo_controller:rra_servo_middle|current[2]         ; rra_servo_controller:rra_servo_middle|current[1]  ; yes                    ;
; rra_servo_controller:rra_servo_middle|current[1]         ; rra_servo_controller:rra_servo_middle|current[1]  ; yes                    ;
; rra_servo_controller:rra_servo_upper|current[8]          ; rra_servo_controller:rra_servo_upper|current[1]   ; yes                    ;
; rra_servo_controller:rra_servo_upper|current[7]          ; rra_servo_controller:rra_servo_upper|current[1]   ; yes                    ;
; rra_servo_controller:rra_servo_upper|current[6]          ; rra_servo_controller:rra_servo_upper|current[1]   ; yes                    ;
; rra_servo_controller:rra_servo_upper|current[5]          ; rra_servo_controller:rra_servo_upper|current[1]   ; yes                    ;
; rra_servo_controller:rra_servo_upper|current[4]          ; rra_servo_controller:rra_servo_upper|current[1]   ; yes                    ;
; rra_servo_controller:rra_servo_upper|current[3]          ; rra_servo_controller:rra_servo_upper|current[1]   ; yes                    ;
; rra_servo_controller:rra_servo_upper|current[2]          ; rra_servo_controller:rra_servo_upper|current[1]   ; yes                    ;
; rra_servo_controller:rra_servo_upper|current[1]          ; rra_servo_controller:rra_servo_upper|current[1]   ; yes                    ;
; rra_servo_controller:rra_servo_wrist|current[8]          ; rra_servo_controller:rra_servo_wrist|current[1]   ; yes                    ;
; rra_servo_controller:rra_servo_wrist|current[7]          ; rra_servo_controller:rra_servo_wrist|current[1]   ; yes                    ;
; rra_servo_controller:rra_servo_wrist|current[6]          ; rra_servo_controller:rra_servo_wrist|current[1]   ; yes                    ;
; rra_servo_controller:rra_servo_wrist|current[5]          ; rra_servo_controller:rra_servo_wrist|current[1]   ; yes                    ;
; rra_servo_controller:rra_servo_wrist|current[4]          ; rra_servo_controller:rra_servo_wrist|current[1]   ; yes                    ;
; rra_servo_controller:rra_servo_wrist|current[3]          ; rra_servo_controller:rra_servo_wrist|current[1]   ; yes                    ;
; rra_servo_controller:rra_servo_wrist|current[2]          ; rra_servo_controller:rra_servo_wrist|current[1]   ; yes                    ;
; rra_servo_controller:rra_servo_wrist|current[1]          ; rra_servo_controller:rra_servo_wrist|current[1]   ; yes                    ;
; rra_servo_controller:rra_servo_gripper|current[8]        ; rra_servo_controller:rra_servo_gripper|current[1] ; yes                    ;
; rra_servo_controller:rra_servo_gripper|current[7]        ; rra_servo_controller:rra_servo_gripper|current[1] ; yes                    ;
; rra_servo_controller:rra_servo_gripper|current[6]        ; rra_servo_controller:rra_servo_gripper|current[1] ; yes                    ;
; rra_servo_controller:rra_servo_gripper|current[5]        ; rra_servo_controller:rra_servo_gripper|current[1] ; yes                    ;
; rra_servo_controller:rra_servo_gripper|current[4]        ; rra_servo_controller:rra_servo_gripper|current[1] ; yes                    ;
; rra_servo_controller:rra_servo_gripper|current[3]        ; rra_servo_controller:rra_servo_gripper|current[1] ; yes                    ;
; rra_servo_controller:rra_servo_gripper|current[2]        ; rra_servo_controller:rra_servo_gripper|current[1] ; yes                    ;
; rra_servo_controller:rra_servo_gripper|current[1]        ; rra_servo_controller:rra_servo_gripper|current[1] ; yes                    ;
; rra_servo_controller:rra_servo_base|current[8]           ; rra_servo_controller:rra_servo_base|current[1]    ; yes                    ;
; rra_servo_controller:rra_servo_base|current[7]           ; rra_servo_controller:rra_servo_base|current[1]    ; yes                    ;
; rra_servo_controller:rra_servo_base|current[6]           ; rra_servo_controller:rra_servo_base|current[1]    ; yes                    ;
; rra_servo_controller:rra_servo_base|current[5]           ; rra_servo_controller:rra_servo_base|current[1]    ; yes                    ;
; rra_servo_controller:rra_servo_base|current[4]           ; rra_servo_controller:rra_servo_base|current[1]    ; yes                    ;
; rra_servo_controller:rra_servo_base|current[3]           ; rra_servo_controller:rra_servo_base|current[1]    ; yes                    ;
; rra_servo_controller:rra_servo_base|current[2]           ; rra_servo_controller:rra_servo_base|current[1]    ; yes                    ;
; rra_servo_controller:rra_servo_base|current[1]           ; rra_servo_controller:rra_servo_base|current[1]    ; yes                    ;
; rra_servo_controller:rra_servo_lower|interval_count[9]   ; rra_servo_controller:rra_servo_lower|LessThan0    ; yes                    ;
; rra_servo_controller:rra_servo_lower|interval_count[8]   ; rra_servo_controller:rra_servo_lower|LessThan0    ; yes                    ;
; rra_servo_controller:rra_servo_lower|interval_count[7]   ; rra_servo_controller:rra_servo_lower|LessThan0    ; yes                    ;
; rra_servo_controller:rra_servo_lower|interval_count[6]   ; rra_servo_controller:rra_servo_lower|LessThan0    ; yes                    ;
; rra_servo_controller:rra_servo_lower|interval_count[5]   ; rra_servo_controller:rra_servo_lower|LessThan0    ; yes                    ;
; rra_servo_controller:rra_servo_lower|interval_count[4]   ; rra_servo_controller:rra_servo_lower|LessThan0    ; yes                    ;
; rra_servo_controller:rra_servo_lower|interval_count[3]   ; rra_servo_controller:rra_servo_lower|LessThan0    ; yes                    ;
; rra_servo_controller:rra_servo_lower|interval_count[2]   ; rra_servo_controller:rra_servo_lower|LessThan0    ; yes                    ;
; rra_servo_controller:rra_servo_lower|interval_count[1]   ; rra_servo_controller:rra_servo_lower|LessThan0    ; yes                    ;
; rra_servo_controller:rra_servo_lower|interval_count[0]   ; rra_servo_controller:rra_servo_lower|LessThan0    ; yes                    ;
; rra_servo_controller:rra_servo_middle|interval_count[9]  ; rra_servo_controller:rra_servo_middle|LessThan0   ; yes                    ;
; rra_servo_controller:rra_servo_middle|interval_count[8]  ; rra_servo_controller:rra_servo_middle|LessThan0   ; yes                    ;
; rra_servo_controller:rra_servo_middle|interval_count[7]  ; rra_servo_controller:rra_servo_middle|LessThan0   ; yes                    ;
; rra_servo_controller:rra_servo_middle|interval_count[6]  ; rra_servo_controller:rra_servo_middle|LessThan0   ; yes                    ;
; rra_servo_controller:rra_servo_middle|interval_count[5]  ; rra_servo_controller:rra_servo_middle|LessThan0   ; yes                    ;
; rra_servo_controller:rra_servo_middle|interval_count[4]  ; rra_servo_controller:rra_servo_middle|LessThan0   ; yes                    ;
; rra_servo_controller:rra_servo_middle|interval_count[3]  ; rra_servo_controller:rra_servo_middle|LessThan0   ; yes                    ;
; rra_servo_controller:rra_servo_middle|interval_count[2]  ; rra_servo_controller:rra_servo_middle|LessThan0   ; yes                    ;
; rra_servo_controller:rra_servo_middle|interval_count[1]  ; rra_servo_controller:rra_servo_middle|LessThan0   ; yes                    ;
; rra_servo_controller:rra_servo_middle|interval_count[0]  ; rra_servo_controller:rra_servo_middle|LessThan0   ; yes                    ;
; rra_servo_controller:rra_servo_upper|interval_count[9]   ; rra_servo_controller:rra_servo_upper|LessThan0    ; yes                    ;
; rra_servo_controller:rra_servo_upper|interval_count[8]   ; rra_servo_controller:rra_servo_upper|LessThan0    ; yes                    ;
; rra_servo_controller:rra_servo_upper|interval_count[7]   ; rra_servo_controller:rra_servo_upper|LessThan0    ; yes                    ;
; rra_servo_controller:rra_servo_upper|interval_count[6]   ; rra_servo_controller:rra_servo_upper|LessThan0    ; yes                    ;
; rra_servo_controller:rra_servo_upper|interval_count[5]   ; rra_servo_controller:rra_servo_upper|LessThan0    ; yes                    ;
; rra_servo_controller:rra_servo_upper|interval_count[4]   ; rra_servo_controller:rra_servo_upper|LessThan0    ; yes                    ;
; rra_servo_controller:rra_servo_upper|interval_count[3]   ; rra_servo_controller:rra_servo_upper|LessThan0    ; yes                    ;
; rra_servo_controller:rra_servo_upper|interval_count[2]   ; rra_servo_controller:rra_servo_upper|LessThan0    ; yes                    ;
; rra_servo_controller:rra_servo_upper|interval_count[1]   ; rra_servo_controller:rra_servo_upper|LessThan0    ; yes                    ;
; rra_servo_controller:rra_servo_upper|interval_count[0]   ; rra_servo_controller:rra_servo_upper|LessThan0    ; yes                    ;
; rra_servo_controller:rra_servo_wrist|interval_count[9]   ; rra_servo_controller:rra_servo_wrist|LessThan0    ; yes                    ;
; rra_servo_controller:rra_servo_wrist|interval_count[8]   ; rra_servo_controller:rra_servo_wrist|LessThan0    ; yes                    ;
; rra_servo_controller:rra_servo_wrist|interval_count[7]   ; rra_servo_controller:rra_servo_wrist|LessThan0    ; yes                    ;
; rra_servo_controller:rra_servo_wrist|interval_count[6]   ; rra_servo_controller:rra_servo_wrist|LessThan0    ; yes                    ;
; rra_servo_controller:rra_servo_wrist|interval_count[5]   ; rra_servo_controller:rra_servo_wrist|LessThan0    ; yes                    ;
; rra_servo_controller:rra_servo_wrist|interval_count[4]   ; rra_servo_controller:rra_servo_wrist|LessThan0    ; yes                    ;
; rra_servo_controller:rra_servo_wrist|interval_count[3]   ; rra_servo_controller:rra_servo_wrist|LessThan0    ; yes                    ;
; rra_servo_controller:rra_servo_wrist|interval_count[2]   ; rra_servo_controller:rra_servo_wrist|LessThan0    ; yes                    ;
; rra_servo_controller:rra_servo_wrist|interval_count[1]   ; rra_servo_controller:rra_servo_wrist|LessThan0    ; yes                    ;
; rra_servo_controller:rra_servo_wrist|interval_count[0]   ; rra_servo_controller:rra_servo_wrist|LessThan0    ; yes                    ;
; rra_servo_controller:rra_servo_gripper|interval_count[9] ; rra_servo_controller:rra_servo_gripper|LessThan0  ; yes                    ;
; rra_servo_controller:rra_servo_gripper|interval_count[8] ; rra_servo_controller:rra_servo_gripper|LessThan0  ; yes                    ;
; rra_servo_controller:rra_servo_gripper|interval_count[7] ; rra_servo_controller:rra_servo_gripper|LessThan0  ; yes                    ;
; rra_servo_controller:rra_servo_gripper|interval_count[6] ; rra_servo_controller:rra_servo_gripper|LessThan0  ; yes                    ;
; rra_servo_controller:rra_servo_gripper|interval_count[5] ; rra_servo_controller:rra_servo_gripper|LessThan0  ; yes                    ;
; rra_servo_controller:rra_servo_gripper|interval_count[4] ; rra_servo_controller:rra_servo_gripper|LessThan0  ; yes                    ;
; rra_servo_controller:rra_servo_gripper|interval_count[3] ; rra_servo_controller:rra_servo_gripper|LessThan0  ; yes                    ;
; rra_servo_controller:rra_servo_gripper|interval_count[2] ; rra_servo_controller:rra_servo_gripper|LessThan0  ; yes                    ;
; rra_servo_controller:rra_servo_gripper|interval_count[1] ; rra_servo_controller:rra_servo_gripper|LessThan0  ; yes                    ;
; rra_servo_controller:rra_servo_gripper|interval_count[0] ; rra_servo_controller:rra_servo_gripper|LessThan0  ; yes                    ;
; rra_servo_controller:rra_servo_base|interval_count[9]    ; rra_servo_controller:rra_servo_base|LessThan0     ; yes                    ;
; rra_servo_controller:rra_servo_base|interval_count[8]    ; rra_servo_controller:rra_servo_base|LessThan0     ; yes                    ;
; Number of user-specified and inferred latches = 108      ;                                                   ;                        ;
+----------------------------------------------------------+---------------------------------------------------+------------------------+
Table restricted to first 100 entries. Note: All latches listed above may not be present at the end of synthesis due to various synthesis optimizations.


+------------------------------------------------------------------------------------------------------------------------------+
; Registers Removed During Synthesis                                                                                           ;
+----------------------------------------------------------+-------------------------------------------------------------------+
; Register name                                            ; Reason for Removal                                                ;
+----------------------------------------------------------+-------------------------------------------------------------------+
; rra_servo_controller:rra_servo_gripper|clk_1mhz_count[8] ; Merged with rra_servo_controller:rra_servo_base|clk_1mhz_count[8] ;
; rra_servo_controller:rra_servo_lower|clk_1mhz_count[8]   ; Merged with rra_servo_controller:rra_servo_base|clk_1mhz_count[8] ;
; rra_servo_controller:rra_servo_middle|clk_1mhz_count[8]  ; Merged with rra_servo_controller:rra_servo_base|clk_1mhz_count[8] ;
; rra_servo_controller:rra_servo_upper|clk_1mhz_count[8]   ; Merged with rra_servo_controller:rra_servo_base|clk_1mhz_count[8] ;
; rra_servo_controller:rra_servo_wrist|clk_1mhz_count[8]   ; Merged with rra_servo_controller:rra_servo_base|clk_1mhz_count[8] ;
; rra_servo_controller:rra_servo_gripper|clk_1mhz_count[7] ; Merged with rra_servo_controller:rra_servo_base|clk_1mhz_count[7] ;
; rra_servo_controller:rra_servo_lower|clk_1mhz_count[7]   ; Merged with rra_servo_controller:rra_servo_base|clk_1mhz_count[7] ;
; rra_servo_controller:rra_servo_middle|clk_1mhz_count[7]  ; Merged with rra_servo_controller:rra_servo_base|clk_1mhz_count[7] ;
; rra_servo_controller:rra_servo_upper|clk_1mhz_count[7]   ; Merged with rra_servo_controller:rra_servo_base|clk_1mhz_count[7] ;
; rra_servo_controller:rra_servo_wrist|clk_1mhz_count[7]   ; Merged with rra_servo_controller:rra_servo_base|clk_1mhz_count[7] ;
; rra_servo_controller:rra_servo_gripper|clk_1mhz_count[6] ; Merged with rra_servo_controller:rra_servo_base|clk_1mhz_count[6] ;
; rra_servo_controller:rra_servo_lower|clk_1mhz_count[6]   ; Merged with rra_servo_controller:rra_servo_base|clk_1mhz_count[6] ;
; rra_servo_controller:rra_servo_middle|clk_1mhz_count[6]  ; Merged with rra_servo_controller:rra_servo_base|clk_1mhz_count[6] ;
; rra_servo_controller:rra_servo_upper|clk_1mhz_count[6]   ; Merged with rra_servo_controller:rra_servo_base|clk_1mhz_count[6] ;
; rra_servo_controller:rra_servo_wrist|clk_1mhz_count[6]   ; Merged with rra_servo_controller:rra_servo_base|clk_1mhz_count[6] ;
; rra_servo_controller:rra_servo_gripper|clk_1mhz_count[5] ; Merged with rra_servo_controller:rra_servo_base|clk_1mhz_count[5] ;
; rra_servo_controller:rra_servo_lower|clk_1mhz_count[5]   ; Merged with rra_servo_controller:rra_servo_base|clk_1mhz_count[5] ;
; rra_servo_controller:rra_servo_middle|clk_1mhz_count[5]  ; Merged with rra_servo_controller:rra_servo_base|clk_1mhz_count[5] ;
; rra_servo_controller:rra_servo_upper|clk_1mhz_count[5]   ; Merged with rra_servo_controller:rra_servo_base|clk_1mhz_count[5] ;
; rra_servo_controller:rra_servo_wrist|clk_1mhz_count[5]   ; Merged with rra_servo_controller:rra_servo_base|clk_1mhz_count[5] ;
; rra_servo_controller:rra_servo_gripper|clk_1mhz_count[4] ; Merged with rra_servo_controller:rra_servo_base|clk_1mhz_count[4] ;
; rra_servo_controller:rra_servo_lower|clk_1mhz_count[4]   ; Merged with rra_servo_controller:rra_servo_base|clk_1mhz_count[4] ;
; rra_servo_controller:rra_servo_middle|clk_1mhz_count[4]  ; Merged with rra_servo_controller:rra_servo_base|clk_1mhz_count[4] ;
; rra_servo_controller:rra_servo_upper|clk_1mhz_count[4]   ; Merged with rra_servo_controller:rra_servo_base|clk_1mhz_count[4] ;
; rra_servo_controller:rra_servo_wrist|clk_1mhz_count[4]   ; Merged with rra_servo_controller:rra_servo_base|clk_1mhz_count[4] ;
; rra_servo_controller:rra_servo_gripper|clk_1mhz_count[3] ; Merged with rra_servo_controller:rra_servo_base|clk_1mhz_count[3] ;
; rra_servo_controller:rra_servo_lower|clk_1mhz_count[3]   ; Merged with rra_servo_controller:rra_servo_base|clk_1mhz_count[3] ;
; rra_servo_controller:rra_servo_middle|clk_1mhz_count[3]  ; Merged with rra_servo_controller:rra_servo_base|clk_1mhz_count[3] ;
; rra_servo_controller:rra_servo_upper|clk_1mhz_count[3]   ; Merged with rra_servo_controller:rra_servo_base|clk_1mhz_count[3] ;
; rra_servo_controller:rra_servo_wrist|clk_1mhz_count[3]   ; Merged with rra_servo_controller:rra_servo_base|clk_1mhz_count[3] ;
; rra_servo_controller:rra_servo_gripper|clk_1mhz_count[2] ; Merged with rra_servo_controller:rra_servo_base|clk_1mhz_count[2] ;
; rra_servo_controller:rra_servo_lower|clk_1mhz_count[2]   ; Merged with rra_servo_controller:rra_servo_base|clk_1mhz_count[2] ;
; rra_servo_controller:rra_servo_middle|clk_1mhz_count[2]  ; Merged with rra_servo_controller:rra_servo_base|clk_1mhz_count[2] ;
; rra_servo_controller:rra_servo_upper|clk_1mhz_count[2]   ; Merged with rra_servo_controller:rra_servo_base|clk_1mhz_count[2] ;
; rra_servo_controller:rra_servo_wrist|clk_1mhz_count[2]   ; Merged with rra_servo_controller:rra_servo_base|clk_1mhz_count[2] ;
; rra_servo_controller:rra_servo_gripper|clk_1mhz_count[1] ; Merged with rra_servo_controller:rra_servo_base|clk_1mhz_count[1] ;
; rra_servo_controller:rra_servo_lower|clk_1mhz_count[1]   ; Merged with rra_servo_controller:rra_servo_base|clk_1mhz_count[1] ;
; rra_servo_controller:rra_servo_middle|clk_1mhz_count[1]  ; Merged with rra_servo_controller:rra_servo_base|clk_1mhz_count[1] ;
; rra_servo_controller:rra_servo_upper|clk_1mhz_count[1]   ; Merged with rra_servo_controller:rra_servo_base|clk_1mhz_count[1] ;
; rra_servo_controller:rra_servo_wrist|clk_1mhz_count[1]   ; Merged with rra_servo_controller:rra_servo_base|clk_1mhz_count[1] ;
; rra_servo_controller:rra_servo_gripper|clk_1mhz_count[0] ; Merged with rra_servo_controller:rra_servo_base|clk_1mhz_count[0] ;
; rra_servo_controller:rra_servo_lower|clk_1mhz_count[0]   ; Merged with rra_servo_controller:rra_servo_base|clk_1mhz_count[0] ;
; rra_servo_controller:rra_servo_middle|clk_1mhz_count[0]  ; Merged with rra_servo_controller:rra_servo_base|clk_1mhz_count[0] ;
; rra_servo_controller:rra_servo_upper|clk_1mhz_count[0]   ; Merged with rra_servo_controller:rra_servo_base|clk_1mhz_count[0] ;
; rra_servo_controller:rra_servo_wrist|clk_1mhz_count[0]   ; Merged with rra_servo_controller:rra_servo_base|clk_1mhz_count[0] ;
; controller:rra_controller|c_state.s_LOAD_KEYPAD          ; Lost fanout                                                       ;
; controller:rra_controller|n_state.s_LOAD_KEYPAD          ; Lost fanout                                                       ;
; controller:rra_controller|c_state.s_GET_MEMORY_NEXT      ; Lost fanout                                                       ;
; controller:rra_controller|n_state.s_GET_MEMORY_NEXT      ; Lost fanout                                                       ;
; controller:rra_controller|c_state.s_MOVING               ; Lost fanout                                                       ;
; controller:rra_controller|n_state.s_MOVING               ; Lost fanout                                                       ;
; controller:rra_controller|n_state.s_WAITING              ; Lost fanout                                                       ;
; controller:rra_controller|n_state.s_CHECK_KEYPAD         ; Lost fanout                                                       ;
; controller:rra_controller|n_state.s_SET_MEMORY_NEXT      ; Lost fanout                                                       ;
; controller:rra_controller|c_state.s_WAITING              ; Lost fanout                                                       ;
; controller:rra_controller|c_state.s_CHECK_KEYPAD         ; Lost fanout                                                       ;
; controller:rra_controller|c_state.s_SET_MEMORY_NEXT      ; Lost fanout                                                       ;
; Total Number of Removed Registers = 57                   ;                                                                   ;
+----------------------------------------------------------+-------------------------------------------------------------------+


+--------------------------------------------------------------------------------------------------------------------------------+
; Removed Registers Triggering Further Register Optimizations                                                                    ;
+-----------------------------------------------------+--------------------+-----------------------------------------------------+
; Register name                                       ; Reason for Removal ; Registers Removed due to This Register              ;
+-----------------------------------------------------+--------------------+-----------------------------------------------------+
; controller:rra_controller|c_state.s_LOAD_KEYPAD     ; Lost Fanouts       ; controller:rra_controller|n_state.s_LOAD_KEYPAD,    ;
;                                                     ;                    ; controller:rra_controller|c_state.s_WAITING,        ;
;                                                     ;                    ; controller:rra_controller|c_state.s_CHECK_KEYPAD    ;
; controller:rra_controller|c_state.s_MOVING          ; Lost Fanouts       ; controller:rra_controller|n_state.s_MOVING,         ;
;                                                     ;                    ; controller:rra_controller|c_state.s_SET_MEMORY_NEXT ;
; controller:rra_controller|c_state.s_GET_MEMORY_NEXT ; Lost Fanouts       ; controller:rra_controller|n_state.s_GET_MEMORY_NEXT ;
+-----------------------------------------------------+--------------------+-----------------------------------------------------+


+------------------------------------------------------+
; General Register Statistics                          ;
+----------------------------------------------+-------+
; Statistic                                    ; Value ;
+----------------------------------------------+-------+
; Total registers                              ; 93    ;
; Number of registers using Synchronous Clear  ; 75    ;
; Number of registers using Synchronous Load   ; 0     ;
; Number of registers using Asynchronous Clear ; 0     ;
; Number of registers using Asynchronous Load  ; 0     ;
; Number of registers using Clock Enable       ; 0     ;
; Number of registers using Preset             ; 0     ;
+----------------------------------------------+-------+


+------------------------------------------------------------------------------------------------------------------------------------------------------------------------+
; Multiplexer Restructuring Statistics (Restructuring Performed)                                                                                                         ;
+--------------------+-----------+---------------+----------------------+------------------------+------------+----------------------------------------------------------+
; Multiplexer Inputs ; Bus Width ; Baseline Area ; Area if Restructured ; Saving if Restructured ; Registered ; Example Multiplexer Output                               ;
+--------------------+-----------+---------------+----------------------+------------------------+------------+----------------------------------------------------------+
; 3:1                ; 11 bits   ; 22 LEs        ; 11 LEs               ; 11 LEs                 ; Yes        ; |rra|rra_servo_controller:rra_servo_lower|pwm_count[2]   ;
; 3:1                ; 11 bits   ; 22 LEs        ; 11 LEs               ; 11 LEs                 ; Yes        ; |rra|rra_servo_controller:rra_servo_middle|pwm_count[10] ;
; 3:1                ; 11 bits   ; 22 LEs        ; 11 LEs               ; 11 LEs                 ; Yes        ; |rra|rra_servo_controller:rra_servo_upper|pwm_count[0]   ;
; 3:1                ; 11 bits   ; 22 LEs        ; 11 LEs               ; 11 LEs                 ; Yes        ; |rra|rra_servo_controller:rra_servo_wrist|pwm_count[4]   ;
; 3:1                ; 11 bits   ; 22 LEs        ; 11 LEs               ; 11 LEs                 ; Yes        ; |rra|rra_servo_controller:rra_servo_gripper|pwm_count[9] ;
; 3:1                ; 11 bits   ; 22 LEs        ; 11 LEs               ; 11 LEs                 ; Yes        ; |rra|rra_servo_controller:rra_servo_base|pwm_count[2]    ;
+--------------------+-----------+---------------+----------------------+------------------------+------------+----------------------------------------------------------+


+-----------------------------------------------------------------------------------+
; Parameter Settings for User Entity Instance: rra_servo_controller:rra_servo_lower ;
+----------------+-------+----------------------------------------------------------+
; Parameter Name ; Value ; Type                                                     ;
+----------------+-------+----------------------------------------------------------+
; step           ; 10    ; Signed Integer                                           ;
+----------------+-------+----------------------------------------------------------+
Note: In order to hide this table in the UI and the text report file, please set the "Show Parameter Settings in Synthesis Report" option in "Analysis and Synthesis Settings -> More Settings" to "Off".


+------------------------------------------------------------------------------------+
; Parameter Settings for User Entity Instance: rra_servo_controller:rra_servo_middle ;
+----------------+-------+-----------------------------------------------------------+
; Parameter Name ; Value ; Type                                                      ;
+----------------+-------+-----------------------------------------------------------+
; step           ; 10    ; Signed Integer                                            ;
+----------------+-------+-----------------------------------------------------------+
Note: In order to hide this table in the UI and the text report file, please set the "Show Parameter Settings in Synthesis Report" option in "Analysis and Synthesis Settings -> More Settings" to "Off".


+-----------------------------------------------------------------------------------+
; Parameter Settings for User Entity Instance: rra_servo_controller:rra_servo_upper ;
+----------------+-------+----------------------------------------------------------+
; Parameter Name ; Value ; Type                                                     ;
+----------------+-------+----------------------------------------------------------+
; step           ; 10    ; Signed Integer                                           ;
+----------------+-------+----------------------------------------------------------+
Note: In order to hide this table in the UI and the text report file, please set the "Show Parameter Settings in Synthesis Report" option in "Analysis and Synthesis Settings -> More Settings" to "Off".


+-----------------------------------------------------------------------------------+
; Parameter Settings for User Entity Instance: rra_servo_controller:rra_servo_wrist ;
+----------------+-------+----------------------------------------------------------+
; Parameter Name ; Value ; Type                                                     ;
+----------------+-------+----------------------------------------------------------+
; step           ; 10    ; Signed Integer                                           ;
+----------------+-------+----------------------------------------------------------+
Note: In order to hide this table in the UI and the text report file, please set the "Show Parameter Settings in Synthesis Report" option in "Analysis and Synthesis Settings -> More Settings" to "Off".


+-------------------------------------------------------------------------------------+
; Parameter Settings for User Entity Instance: rra_servo_controller:rra_servo_gripper ;
+----------------+-------+------------------------------------------------------------+
; Parameter Name ; Value ; Type                                                       ;
+----------------+-------+------------------------------------------------------------+
; step           ; 10    ; Signed Integer                                             ;
+----------------+-------+------------------------------------------------------------+
Note: In order to hide this table in the UI and the text report file, please set the "Show Parameter Settings in Synthesis Report" option in "Analysis and Synthesis Settings -> More Settings" to "Off".


+----------------------------------------------------------------------------------+
; Parameter Settings for User Entity Instance: rra_servo_controller:rra_servo_base ;
+----------------+-------+---------------------------------------------------------+
; Parameter Name ; Value ; Type                                                    ;
+----------------+-------+---------------------------------------------------------+
; step           ; 10    ; Signed Integer                                          ;
+----------------+-------+---------------------------------------------------------+
Note: In order to hide this table in the UI and the text report file, please set the "Show Parameter Settings in Synthesis Report" option in "Analysis and Synthesis Settings -> More Settings" to "Off".


+---------------------------------------------------------------------------------------------------------------------+
; Port Connectivity Checks: "rra_servo_controller:rra_servo_base"                                                     ;
+-----------+--------+----------+-------------------------------------------------------------------------------------+
; Port      ; Type   ; Severity ; Details                                                                             ;
+-----------+--------+----------+-------------------------------------------------------------------------------------+
; o_current ; Output ; Info     ; Connected to dangling logic. Logic that only feeds a dangling port will be removed. ;
+-----------+--------+----------+-------------------------------------------------------------------------------------+


+---------------------------------------------------------------------------------------------------------------------+
; Port Connectivity Checks: "rra_servo_controller:rra_servo_gripper"                                                  ;
+-----------+--------+----------+-------------------------------------------------------------------------------------+
; Port      ; Type   ; Severity ; Details                                                                             ;
+-----------+--------+----------+-------------------------------------------------------------------------------------+
; o_current ; Output ; Info     ; Connected to dangling logic. Logic that only feeds a dangling port will be removed. ;
+-----------+--------+----------+-------------------------------------------------------------------------------------+


+---------------------------------------------------------------------------------------------------------------------+
; Port Connectivity Checks: "rra_servo_controller:rra_servo_wrist"                                                    ;
+-----------+--------+----------+-------------------------------------------------------------------------------------+
; Port      ; Type   ; Severity ; Details                                                                             ;
+-----------+--------+----------+-------------------------------------------------------------------------------------+
; o_current ; Output ; Info     ; Connected to dangling logic. Logic that only feeds a dangling port will be removed. ;
+-----------+--------+----------+-------------------------------------------------------------------------------------+


+---------------------------------------------------------------------------------------------------------------------+
; Port Connectivity Checks: "rra_servo_controller:rra_servo_upper"                                                    ;
+-----------+--------+----------+-------------------------------------------------------------------------------------+
; Port      ; Type   ; Severity ; Details                                                                             ;
+-----------+--------+----------+-------------------------------------------------------------------------------------+
; o_current ; Output ; Info     ; Connected to dangling logic. Logic that only feeds a dangling port will be removed. ;
+-----------+--------+----------+-------------------------------------------------------------------------------------+


+---------------------------------------------------------------------------------------------------------------------+
; Port Connectivity Checks: "rra_servo_controller:rra_servo_middle"                                                   ;
+-----------+--------+----------+-------------------------------------------------------------------------------------+
; Port      ; Type   ; Severity ; Details                                                                             ;
+-----------+--------+----------+-------------------------------------------------------------------------------------+
; o_current ; Output ; Info     ; Connected to dangling logic. Logic that only feeds a dangling port will be removed. ;
+-----------+--------+----------+-------------------------------------------------------------------------------------+


+---------------------------------------------------------------------------------------------------------------------+
; Port Connectivity Checks: "rra_servo_controller:rra_servo_lower"                                                    ;
+-----------+--------+----------+-------------------------------------------------------------------------------------+
; Port      ; Type   ; Severity ; Details                                                                             ;
+-----------+--------+----------+-------------------------------------------------------------------------------------+
; o_current ; Output ; Info     ; Connected to dangling logic. Logic that only feeds a dangling port will be removed. ;
+-----------+--------+----------+-------------------------------------------------------------------------------------+


+--------------------------------------------------------------------------------------------------------------------+
; Port Connectivity Checks: "controller:rra_controller"                                                              ;
+----------+--------+----------+-------------------------------------------------------------------------------------+
; Port     ; Type   ; Severity ; Details                                                                             ;
+----------+--------+----------+-------------------------------------------------------------------------------------+
; moving   ; Input  ; Info     ; Stuck at VCC                                                                        ;
; l_keypad ; Output ; Info     ; Connected to dangling logic. Logic that only feeds a dangling port will be removed. ;
+----------+--------+----------+-------------------------------------------------------------------------------------+


+--------------------------------------------------------------------------------------------------------------------+
; Port Connectivity Checks: "rra_memory:memory"                                                                      ;
+----------+--------+----------+-------------------------------------------------------------------------------------+
; Port     ; Type   ; Severity ; Details                                                                             ;
+----------+--------+----------+-------------------------------------------------------------------------------------+
; data_out ; Output ; Info     ; Connected to dangling logic. Logic that only feeds a dangling port will be removed. ;
+----------+--------+----------+-------------------------------------------------------------------------------------+


+-------------------------------+
; Elapsed Time Per Partition    ;
+----------------+--------------+
; Partition Name ; Elapsed Time ;
+----------------+--------------+
; Top            ; 00:00:01     ;
+----------------+--------------+


+-------------------------------+
; Analysis & Synthesis Messages ;
+-------------------------------+
Info: *******************************************************************
Info: Running Quartus II 64-Bit Analysis & Synthesis
    Info: Version 13.1.0 Build 162 10/23/2013 SJ Web Edition
    Info: Processing started: Tue Feb 09 18:50:15 2016
Info: Command: quartus_map --read_settings_files=on --write_settings_files=off rra -c rra
Warning (20028): Parallel compilation is not licensed and has been disabled
Info (12021): Found 2 design units, including 1 entities, in source file /users/aaron/desktop/rra/hardware/rra_servo_controller.vhd
    Info (12022): Found design unit 1: rra_servo_controller-rtl
    Info (12023): Found entity 1: rra_servo_controller
Info (12021): Found 2 design units, including 1 entities, in source file /users/aaron/desktop/rra/hardware/rra_memory.vhd
    Info (12022): Found design unit 1: rra_memory-rtl
    Info (12023): Found entity 1: rra_memory
Info (12021): Found 2 design units, including 1 entities, in source file /users/aaron/desktop/rra/hardware/rra_controller.vhd
    Info (12022): Found design unit 1: controller-v1
    Info (12023): Found entity 1: controller
Info (12021): Found 2 design units, including 1 entities, in source file /users/aaron/desktop/rra/hardware/rra.vhd
    Info (12022): Found design unit 1: rra-v1
    Info (12023): Found entity 1: rra
Info (12127): Elaborating entity "rra" for the top level hierarchy
Warning (10541): VHDL Signal Declaration warning at rra.vhd(26): used implicit default value for signal "low_target" because signal was never assigned a value or an explicit default value. Use of implicit default value may introduce unintended design optimizations.
Warning (10541): VHDL Signal Declaration warning at rra.vhd(77): used implicit default value for signal "addr" because signal was never assigned a value or an explicit default value. Use of implicit default value may introduce unintended design optimizations.
Warning (10541): VHDL Signal Declaration warning at rra.vhd(78): used implicit default value for signal "data_in" because signal was never assigned a value or an explicit default value. Use of implicit default value may introduce unintended design optimizations.
Warning (10036): Verilog HDL or VHDL warning at rra.vhd(79): object "data_out" assigned a value but never read
Warning (10541): VHDL Signal Declaration warning at rra.vhd(86): used implicit default value for signal "t_lower_pos" because signal was never assigned a value or an explicit default value. Use of implicit default value may introduce unintended design optimizations.
Warning (10541): VHDL Signal Declaration warning at rra.vhd(87): used implicit default value for signal "c_middle_pos" because signal was never assigned a value or an explicit default value. Use of implicit default value may introduce unintended design optimizations.
Warning (10541): VHDL Signal Declaration warning at rra.vhd(87): used implicit default value for signal "t_middle_pos" because signal was never assigned a value or an explicit default value. Use of implicit default value may introduce unintended design optimizations.
Warning (10541): VHDL Signal Declaration warning at rra.vhd(88): used implicit default value for signal "c_upper_pos" because signal was never assigned a value or an explicit default value. Use of implicit default value may introduce unintended design optimizations.
Warning (10541): VHDL Signal Declaration warning at rra.vhd(88): used implicit default value for signal "t_upper_pos" because signal was never assigned a value or an explicit default value. Use of implicit default value may introduce unintended design optimizations.
Warning (10036): Verilog HDL or VHDL warning at rra.vhd(89): object "c_wrist_pos" assigned a value but never read
Warning (10541): VHDL Signal Declaration warning at rra.vhd(89): used implicit default value for signal "t_wrist_pos" because signal was never assigned a value or an explicit default value. Use of implicit default value may introduce unintended design optimizations.
Warning (10036): Verilog HDL or VHDL warning at rra.vhd(90): object "c_gripper_pos" assigned a value but never read
Warning (10541): VHDL Signal Declaration warning at rra.vhd(90): used implicit default value for signal "t_gripper_pos" because signal was never assigned a value or an explicit default value. Use of implicit default value may introduce unintended design optimizations.
Warning (10036): Verilog HDL or VHDL warning at rra.vhd(91): object "c_base_pos" assigned a value but never read
Warning (10541): VHDL Signal Declaration warning at rra.vhd(91): used implicit default value for signal "t_base_pos" because signal was never assigned a value or an explicit default value. Use of implicit default value may introduce unintended design optimizations.
Warning (10036): Verilog HDL or VHDL warning at rra.vhd(94): object "l_keypad" assigned a value but never read
Warning (10492): VHDL Process Statement warning at rra.vhd(209): signal "l_pwm" is read inside the Process Statement but isn't in the Process Statement's sensitivity list
Warning (10492): VHDL Process Statement warning at rra.vhd(210): signal "l_pwm" is read inside the Process Statement but isn't in the Process Statement's sensitivity list
Warning (10492): VHDL Process Statement warning at rra.vhd(211): signal "m_pwm" is read inside the Process Statement but isn't in the Process Statement's sensitivity list
Warning (10492): VHDL Process Statement warning at rra.vhd(212): signal "m_pwm" is read inside the Process Statement but isn't in the Process Statement's sensitivity list
Warning (10492): VHDL Process Statement warning at rra.vhd(213): signal "u_pwm" is read inside the Process Statement but isn't in the Process Statement's sensitivity list
Warning (10492): VHDL Process Statement warning at rra.vhd(214): signal "u_pwm" is read inside the Process Statement but isn't in the Process Statement's sensitivity list
Warning (10492): VHDL Process Statement warning at rra.vhd(215): signal "g_pwm" is read inside the Process Statement but isn't in the Process Statement's sensitivity list
Warning (10492): VHDL Process Statement warning at rra.vhd(216): signal "w_pwm" is read inside the Process Statement but isn't in the Process Statement's sensitivity list
Warning (10492): VHDL Process Statement warning at rra.vhd(217): signal "b_pwm" is read inside the Process Statement but isn't in the Process Statement's sensitivity list
Info (12128): Elaborating entity "rra_memory" for hierarchy "rra_memory:memory"
Info (12128): Elaborating entity "controller" for hierarchy "controller:rra_controller"
Warning (10492): VHDL Process Statement warning at rra_controller.vhd(38): signal "clk" is read inside the Process Statement but isn't in the Process Statement's sensitivity list
Info (12128): Elaborating entity "rra_servo_controller" for hierarchy "rra_servo_controller:rra_servo_lower"
Warning (10541): VHDL Signal Declaration warning at rra_servo_controller.vhd(14): used implicit default value for signal "o_current" because signal was never assigned a value or an explicit default value. Use of implicit default value may introduce unintended design optimizations.
Warning (10036): Verilog HDL or VHDL warning at rra_servo_controller.vhd(24): object "speed" assigned a value but never read
Warning (10036): Verilog HDL or VHDL warning at rra_servo_controller.vhd(33): object "clk_1khz" assigned a value but never read
Warning (10492): VHDL Process Statement warning at rra_servo_controller.vhd(51): signal "i_speed" is read inside the Process Statement but isn't in the Process Statement's sensitivity list
Warning (10492): VHDL Process Statement warning at rra_servo_controller.vhd(53): signal "interval_count" is read inside the Process Statement but isn't in the Process Statement's sensitivity list
Warning (10492): VHDL Process Statement warning at rra_servo_controller.vhd(53): signal "interval" is read inside the Process Statement but isn't in the Process Statement's sensitivity list
Warning (10492): VHDL Process Statement warning at rra_servo_controller.vhd(54): signal "interval_count" is read inside the Process Statement but isn't in the Process Statement's sensitivity list
Warning (10492): VHDL Process Statement warning at rra_servo_controller.vhd(56): signal "current" is read inside the Process Statement but isn't in the Process Statement's sensitivity list
Warning (10492): VHDL Process Statement warning at rra_servo_controller.vhd(56): signal "target" is read inside the Process Statement but isn't in the Process Statement's sensitivity list
Warning (10492): VHDL Process Statement warning at rra_servo_controller.vhd(58): signal "current" is read inside the Process Statement but isn't in the Process Statement's sensitivity list
Warning (10492): VHDL Process Statement warning at rra_servo_controller.vhd(58): signal "target" is read inside the Process Statement but isn't in the Process Statement's sensitivity list
Warning (10492): VHDL Process Statement warning at rra_servo_controller.vhd(59): signal "current" is read inside the Process Statement but isn't in the Process Statement's sensitivity list
Warning (10492): VHDL Process Statement warning at rra_servo_controller.vhd(60): signal "current" is read inside the Process Statement but isn't in the Process Statement's sensitivity list
Warning (10492): VHDL Process Statement warning at rra_servo_controller.vhd(60): signal "target" is read inside the Process Statement but isn't in the Process Statement's sensitivity list
Warning (10492): VHDL Process Statement warning at rra_servo_controller.vhd(61): signal "current" is read inside the Process Statement but isn't in the Process Statement's sensitivity list
Warning (10631): VHDL Process Statement warning at rra_servo_controller.vhd(39): inferring latch(es) for signal or variable "current", which holds its previous value in one or more paths through the process
Warning (10631): VHDL Process Statement warning at rra_servo_controller.vhd(39): inferring latch(es) for signal or variable "target", which holds its previous value in one or more paths through the process
Warning (10631): VHDL Process Statement warning at rra_servo_controller.vhd(39): inferring latch(es) for signal or variable "interval_count", which holds its previous value in one or more paths through the process
Warning (10492): VHDL Process Statement warning at rra_servo_controller.vhd(93): signal "clk_1mhz" is read inside the Process Statement but isn't in the Process Statement's sensitivity list
Info (10041): Inferred latch for "interval_count[0]" at rra_servo_controller.vhd(39)
Info (10041): Inferred latch for "interval_count[1]" at rra_servo_controller.vhd(39)
Info (10041): Inferred latch for "interval_count[2]" at rra_servo_controller.vhd(39)
Info (10041): Inferred latch for "interval_count[3]" at rra_servo_controller.vhd(39)
Info (10041): Inferred latch for "interval_count[4]" at rra_servo_controller.vhd(39)
Info (10041): Inferred latch for "interval_count[5]" at rra_servo_controller.vhd(39)
Info (10041): Inferred latch for "interval_count[6]" at rra_servo_controller.vhd(39)
Info (10041): Inferred latch for "interval_count[7]" at rra_servo_controller.vhd(39)
Info (10041): Inferred latch for "interval_count[8]" at rra_servo_controller.vhd(39)
Info (10041): Inferred latch for "interval_count[9]" at rra_servo_controller.vhd(39)
Info (10041): Inferred latch for "target[0]" at rra_servo_controller.vhd(39)
Info (10041): Inferred latch for "target[1]" at rra_servo_controller.vhd(39)
Info (10041): Inferred latch for "target[2]" at rra_servo_controller.vhd(39)
Info (10041): Inferred latch for "target[3]" at rra_servo_controller.vhd(39)
Info (10041): Inferred latch for "target[4]" at rra_servo_controller.vhd(39)
Info (10041): Inferred latch for "target[5]" at rra_servo_controller.vhd(39)
Info (10041): Inferred latch for "target[6]" at rra_servo_controller.vhd(39)
Info (10041): Inferred latch for "target[7]" at rra_servo_controller.vhd(39)
Info (10041): Inferred latch for "target[8]" at rra_servo_controller.vhd(39)
Info (10041): Inferred latch for "current[0]" at rra_servo_controller.vhd(39)
Info (10041): Inferred latch for "current[1]" at rra_servo_controller.vhd(39)
Info (10041): Inferred latch for "current[2]" at rra_servo_controller.vhd(39)
Info (10041): Inferred latch for "current[3]" at rra_servo_controller.vhd(39)
Info (10041): Inferred latch for "current[4]" at rra_servo_controller.vhd(39)
Info (10041): Inferred latch for "current[5]" at rra_servo_controller.vhd(39)
Info (10041): Inferred latch for "current[6]" at rra_servo_controller.vhd(39)
Info (10041): Inferred latch for "current[7]" at rra_servo_controller.vhd(39)
Info (10041): Inferred latch for "current[8]" at rra_servo_controller.vhd(39)
Warning (13024): Output pins are stuck at VCC or GND
    Warning (13410): Pin "low_target[0]" is stuck at GND
    Warning (13410): Pin "low_target[1]" is stuck at GND
    Warning (13410): Pin "low_target[2]" is stuck at GND
    Warning (13410): Pin "low_target[3]" is stuck at GND
    Warning (13410): Pin "low_target[4]" is stuck at GND
    Warning (13410): Pin "low_target[5]" is stuck at GND
    Warning (13410): Pin "low_target[6]" is stuck at GND
    Warning (13410): Pin "low_target[7]" is stuck at GND
    Warning (13410): Pin "low_target[8]" is stuck at GND
Info (286030): Timing-Driven Synthesis is running
Info (17049): 12 registers lost all their fanouts during netlist optimizations.
Info (16010): Generating hard_block partition "hard_block:auto_generated_inst"
    Info (16011): Adding 0 node(s), including 0 DDIO, 0 PLL, 0 transceiver and 0 LCELL
Warning (21074): Design contains 9 input pin(s) that do not drive logic
    Warning (15610): No output dependent on input pin "low_u"
    Warning (15610): No output dependent on input pin "low_d"
    Warning (15610): No output dependent on input pin "mid_u"
    Warning (15610): No output dependent on input pin "mid_d"
    Warning (15610): No output dependent on input pin "upp_u"
    Warning (15610): No output dependent on input pin "upp_d"
    Warning (15610): No output dependent on input pin "mode[0]"
    Warning (15610): No output dependent on input pin "mode[1]"
    Warning (15610): No output dependent on input pin "store"
Info (21057): Implemented 555 device resources after synthesis - the final resource count might be different
    Info (21058): Implemented 15 input pins
    Info (21059): Implemented 18 output pins
    Info (21061): Implemented 522 logic cells
Info: Quartus II 64-Bit Analysis & Synthesis was successful. 0 errors, 66 warnings
    Info: Peak virtual memory: 558 megabytes
    Info: Processing ended: Tue Feb 09 18:50:19 2016
    Info: Elapsed time: 00:00:04
    Info: Total CPU time (on all processors): 00:00:03


